{
  "timestamp": "2025-07-17T17:09:36.210Z",
  "totalTests": 3,
  "passed": 0,
  "failed": 3,
  "results": [
    {
      "type": "unit",
      "description": "Jest Unit Tests",
      "success": false,
      "output": "",
      "error": "Command failed: npx jest --coverage --coverageDirectory=test-reports/coverage --testPathPattern=__tests__\ntestPathPattern:\n\n  Option \"testPathPattern\" was replaced by \"--testPathPatterns\". \"--testPathPatterns\" is only available as a command-line option.\n  \n  Please update your configuration.\n\n  CLI Options Documentation:\n  https://jestjs.io/docs/cli\n\n"
    },
    {
      "type": "e2e",
      "description": "Playwright E2E Tests",
      "success": false,
      "output": "",
      "error": "Command failed: npx playwright test --reporter=html --output-dir=test-reports/e2e-results\nerror: unknown option '--output-dir=test-reports/e2e-results'\n"
    },
    {
      "type": "types",
      "description": "TypeScript Type Checking",
      "success": false,
      "output": "client/src/components/data-loader.tsx(127,57): error TS2345: Argument of type '{ method: string; body: string; }' is not assignable to parameter of type 'string'.\nclient/src/components/data-loader.tsx(221,57): error TS2345: Argument of type '{ method: string; body: string; }' is not assignable to parameter of type 'string'.\nclient/src/components/plugin-wizard.tsx(42,23): error TS2345: Argument of type 'Partial<PluginConfiguration>' is not assignable to parameter of type 'SetStateAction<PluginConfiguration | null>'.\n  Type 'Partial<PluginConfiguration>' is not assignable to type 'PluginConfiguration'.\n    Types of property 'dataColumns' are incompatible.\n      Type 'DataColumn[] | undefined' is not assignable to type 'DataColumn[]'.\n        Type 'undefined' is not assignable to type 'DataColumn[]'.\nclient/src/components/widget-wizard/__tests__/widget-manager.test.tsx(62,40): error TS2345: Argument of type 'undefined' is not assignable to parameter of type 'never'.\nclient/src/components/widget-wizard/__tests__/widget-manager.test.tsx(69,49): error TS2339: Property 'toBeInTheDocument' does not exist on type 'Matchers<void, HTMLElement> & SnapshotMatchers<void, HTMLElement> & Inverse<JestMatchers<void, HTMLElement>> & PromiseMatchers<...>'.\nclient/src/components/widget-wizard/__tests__/widget-manager.test.tsx(70,49): error TS2339: Property 'toBeInTheDocument' does not exist on type 'Matchers<void, HTMLElement> & SnapshotMatchers<void, HTMLElement> & Inverse<JestMatchers<void, HTMLElement>> & PromiseMatchers<...>'.\nclient/src/components/widget-wizard/__tests__/widget-manager.test.tsx(71,49): error TS2339: Property 'toBeInTheDocument' does not exist on type 'Matchers<void, HTMLElement> & SnapshotMatchers<void, HTMLElement> & Inverse<JestMatchers<void, HTMLElement>> & PromiseMatchers<...>'.\nclient/src/components/widget-wizard/__tests__/widget-manager.test.tsx(77,42): error TS2339: Property 'toBeInTheDocument' does not exist on type 'Matchers<void, HTMLElement> & SnapshotMatchers<void, HTMLElement> & Inverse<JestMatchers<void, HTMLElement>> & PromiseMatchers<...>'.\nclient/src/components/widget-wizard/__tests__/widget-manager.test.tsx(78,42): error TS2339: Property 'toBeInTheDocument' does not exist on type 'Matchers<void, HTMLElement> & SnapshotMatchers<void, HTMLElement> & Inverse<JestMatchers<void, HTMLElement>> & PromiseMatchers<...>'.\nclient/src/components/widget-wizard/__tests__/widget-manager.test.tsx(79,41): error TS2339: Property 'toBeInTheDocument' does not exist on type 'Matchers<void, HTMLElement> & SnapshotMatchers<void, HTMLElement> & Inverse<JestMatchers<void, HTMLElement>> & PromiseMatchers<...>'.\nclient/src/components/widget-wizard/__tests__/widget-manager.test.tsx(85,37): error TS2339: Property 'toBeInTheDocument' does not exist on type 'Matchers<void, HTMLElement> & SnapshotMatchers<void, HTMLElement> & Inverse<JestMatchers<void, HTMLElement>> & PromiseMatchers<...>'.\nclient/src/components/widget-wizard/__tests__/widget-manager.test.tsx(86,37): error TS2339: Property 'toBeInTheDocument' does not exist on type 'Matchers<void, HTMLElement> & SnapshotMatchers<void, HTMLElement> & Inverse<JestMatchers<void, HTMLElement>> & PromiseMatchers<...>'.\nclient/src/components/widget-wizard/__tests__/widget-manager.test.tsx(87,41): error TS2339: Property 'toBeInTheDocument' does not exist on type 'Matchers<void, HTMLElement> & SnapshotMatchers<void, HTMLElement> & Inverse<JestMatchers<void, HTMLElement>> & PromiseMatchers<...>'.\nclient/src/components/widget-wizard/__tests__/widget-manager.test.tsx(88,41): error TS2339: Property 'toBeInTheDocument' does not exist on type 'Matchers<void, HTMLElement> & SnapshotMatchers<void, HTMLElement> & Inverse<JestMatchers<void, HTMLElement>> & PromiseMatchers<...>'.\nclient/src/components/widget-wizard/__tests__/widget-manager.test.tsx(89,44): error TS2339: Property 'toBeInTheDocument' does not exist on type 'Matchers<void, HTMLElement> & SnapshotMatchers<void, HTMLElement> & Inverse<JestMatchers<void, HTMLElement>> & PromiseMatchers<...>'.\nclient/src/components/widget-wizard/__tests__/widget-manager.test.tsx(96,49): error TS2339: Property 'toBeInTheDocument' does not exist on type 'Matchers<void, HTMLElement> & SnapshotMatchers<void, HTMLElement> & Inverse<JestMatchers<void, HTMLElement>> & PromiseMatchers<...>'.\nclient/src/components/widget-wizard/__tests__/widget-manager.test.tsx(155,60): error TS2554: Expected 1 arguments, but got 0.\nclient/src/components/widget-wizard/__tests__/widget-manager.test.tsx(156,42): error TS2345: Argument of type 'Error' is not assignable to parameter of type 'never'.\nclient/src/components/widget-wizard/__tests__/widget-manager.test.tsx(183,46): error TS2339: Property 'toBeInTheDocument' does not exist on type 'Matchers<void, HTMLElement> & SnapshotMatchers<void, HTMLElement> & Inverse<JestMatchers<void, HTMLElement>> & PromiseMatchers<...>'.\nclient/src/components/widget-wizard/__tests__/widget-manager.test.tsx(186,49): error TS2339: Property 'toBeInTheDocument' does not exist on type 'Matchers<void, HTMLElement> & SnapshotMatchers<void, HTMLElement> & Inverse<JestMatchers<void, HTMLElement>> & PromiseMatchers<...>'.\nclient/src/components/widget-wizard/__tests__/widget-manager.test.tsx(187,55): error TS2339: Property 'toBeInTheDocument' does not exist on type 'JestMatchers<void, HTMLElement | null>'.\nclient/src/components/widget-wizard/__tests__/widget-manager.test.tsx(188,55): error TS2339: Property 'toBeInTheDocument' does not exist on type 'JestMatchers<void, HTMLElement | null>'.\nclient/src/components/widget-wizard/__tests__/widget-manager.test.tsx(196,49): error TS2339: Property 'toBeInTheDocument' does not exist on type 'Matchers<void, HTMLElement> & SnapshotMatchers<void, HTMLElement> & Inverse<JestMatchers<void, HTMLElement>> & PromiseMatchers<...>'.\nclient/src/components/widget-wizard/__tests__/widget-manager.test.tsx(197,49): error TS2339: Property 'toBeInTheDocument' does not exist on type 'Matchers<void, HTMLElement> & SnapshotMatchers<void, HTMLElement> & Inverse<JestMatchers<void, HTMLElement>> & PromiseMatchers<...>'.\nclient/src/components/widget-wizard/__tests__/widget-manager.test.tsx(198,49): error TS2339: Property 'toBeInTheDocument' does not exist on type 'Matchers<void, HTMLElement> & SnapshotMatchers<void, HTMLElement> & Inverse<JestMatchers<void, HTMLElement>> & PromiseMatchers<...>'.\nclient/src/components/widget-wizard/__tests__/widget-manager.test.tsx(206,49): error TS2339: Property 'toBeInTheDocument' does not exist on type 'Matchers<void, HTMLElement> & SnapshotMatchers<void, HTMLElement> & Inverse<JestMatchers<void, HTMLElement>> & PromiseMatchers<...>'.\nclient/src/components/widget-wizard/__tests__/widget-manager.test.tsx(207,55): error TS2339: Property 'toBeInTheDocument' does not exist on type 'JestMatchers<void, HTMLElement | null>'.\nclient/src/components/widget-wizard/__tests__/widget-manager.test.tsx(208,55): error TS2339: Property 'toBeInTheDocument' does not exist on type 'JestMatchers<void, HTMLElement | null>'.\nclient/src/components/widget-wizard/__tests__/widget-manager.test.tsx(214,46): error TS2339: Property 'toBeInTheDocument' does not exist on type 'Matchers<void, HTMLElement> & SnapshotMatchers<void, HTMLElement> & Inverse<JestMatchers<void, HTMLElement>> & PromiseMatchers<...>'.\nclient/src/components/widget-wizard/__tests__/widget-manager.test.tsx(215,51): error TS2339: Property 'toBeInTheDocument' does not exist on type 'Matchers<void, HTMLElement> & SnapshotMatchers<void, HTMLElement> & Inverse<JestMatchers<void, HTMLElement>> & PromiseMatchers<...>'.\nclient/src/components/widget-wizard/__tests__/widget-manager.test.tsx(216,46): error TS2339: Property 'toBeInTheDocument' does not exist on type 'Matchers<void, HTMLElement> & SnapshotMatchers<void, HTMLElement> & Inverse<JestMatchers<void, HTMLElement>> & PromiseMatchers<...>'.\nclient/src/components/widget-wizard/__tests__/widget-manager.test.tsx(226,54): error TS2339: Property 'toBeInTheDocument' does not exist on type 'Matchers<void, HTMLElement> & SnapshotMatchers<void, HTMLElement> & Inverse<JestMatchers<void, HTMLElement>> & PromiseMatchers<...>'.\nclient/src/components/widget-wizard/__tests__/widget-manager.test.tsx(236,54): error TS2339: Property 'toBeInTheDocument' does not exist on type 'Matchers<void, HTMLElement> & SnapshotMatchers<void, HTMLElement> & Inverse<JestMatchers<void, HTMLElement>> & PromiseMatchers<...>'.\nclient/src/components/widget-wizard/__tests__/widget-manager.test.tsx(244,46): error TS2339: Property 'toBeInTheDocument' does not exist on type 'Matchers<void, HTMLElement> & SnapshotMatchers<void, HTMLElement> & Inverse<JestMatchers<void, HTMLElement>> & PromiseMatchers<...>'.\nclient/src/components/widget-wizard/__tests__/widget-manager.test.tsx(267,56): error TS2339: Property 'toBeInTheDocument' does not exist on type 'Matchers<void, HTMLElement> & SnapshotMatchers<void, HTMLElement> & Inverse<JestMatchers<void, HTMLElement>> & PromiseMatchers<...>'.\nclient/src/components/widget-wizard/__tests__/widget-manager.test.tsx(268,51): error TS2339: Property 'toBeInTheDocument' does not exist on type 'Matchers<void, HTMLElement> & SnapshotMatchers<void, HTMLElement> & Inverse<JestMatchers<void, HTMLElement>> & PromiseMatchers<...>'.\nclient/src/components/widget-wizard/__tests__/widget-wizard.test.tsx(71,40): error TS2345: Argument of type '{ id: string; name: string; status: string; }' is not assignable to parameter of type 'never'.\nclient/src/components/widget-wizard/__tests__/widget-wizard.test.tsx(86,49): error TS2339: Property 'toBeInTheDocument' does not exist on type 'Matchers<void, HTMLElement> & SnapshotMatchers<void, HTMLElement> & Inverse<JestMatchers<void, HTMLElement>> & PromiseMatchers<...>'.\nclient/src/components/widget-wizard/__tests__/widget-wizard.test.tsx(87,46): error TS2339: Property 'toBeInTheDocument' does not exist on type 'Matchers<void, HTMLElement> & SnapshotMatchers<void, HTMLElement> & Inverse<JestMatchers<void, HTMLElement>> & PromiseMatchers<...>'.\nclient/src/components/widget-wizard/__tests__/widget-wizard.test.tsx(100,49): error TS2339: Property 'toBeInTheDocument' does not exist on type 'Matchers<void, HTMLElement> & SnapshotMatchers<void, HTMLElement> & Inverse<JestMatchers<void, HTMLElement>> & PromiseMatchers<...>'.\nclient/src/components/widget-wizard/__tests__/widget-wizard.test.tsx(110,43): error TS2339: Property 'toBeInTheDocument' does not exist on type 'Matchers<void, HTMLElement> & SnapshotMatchers<void, HTMLElement> & Inverse<JestMatchers<void, HTMLElement>> & PromiseMatchers<...>'.\nclient/src/components/widget-wizard/__tests__/widget-wizard.test.tsx(111,46): error TS2339: Property 'toBeInTheDocument' does not exist on type 'Matchers<void, HTMLElement> & SnapshotMatchers<void, HTMLElement> & Inverse<JestMatchers<void, HTMLElement>> & PromiseMatchers<...>'.\nclient/src/components/widget-wizard/__tests__/widget-wizard.test.tsx(112,44): error TS2339: Property 'toBeInTheDocument' does not exist on type 'Matchers<void, HTMLElement> & SnapshotMatchers<void, HTMLElement> & Inverse<JestMatchers<void, HTMLElement>> & PromiseMatchers<...>'.\nclient/src/components/widget-wizard/__tests__/widget-wizard.test.tsx(113,47): error TS2339: Property 'toBeInTheDocument' does not exist on type 'Matchers<void, HTMLElement> & SnapshotMatchers<void, HTMLElement> & Inverse<JestMatchers<void, HTMLElement>> & PromiseMatchers<...>'.\nclient/src/components/widget-wizard/__tests__/widget-wizard.test.tsx(125,47): error TS2339: Property 'toBeInTheDocument' does not exist on type 'Matchers<void, HTMLElement> & SnapshotMatchers<void, HTMLElement> & Inverse<JestMatchers<void, HTMLElement>> & PromiseMatchers<...>'.\nclient/src/components/widget-wizard/__tests__/widget-wizard.test.tsx(126,54): error TS2339: Property 'toBeInTheDocument' does not exist on type 'Matchers<void, HTMLElement> & SnapshotMatchers<void, HTMLElement> & Inverse<JestMatchers<void, HTMLElement>> & PromiseMatchers<...>'.\nclient/src/components/widget-wizard/__tests__/widget-wizard.test.tsx(127,48): error TS2339: Property 'toBeInTheDocument' does not exist on type 'Matchers<void, HTMLElement> & SnapshotMatchers<void, HTMLElement> & Inverse<JestMatchers<void, HTMLElement>> & PromiseMatchers<...>'.\nclient/src/components/widget-wizard/__tests__/widget-wizard.test.tsx(128,47): error TS2339: Property 'toBeInTheDocument' does not exist on type 'Matchers<void, HTMLElement> & SnapshotMatchers<void, HTMLElement> & Inverse<JestMatchers<void, HTMLElement>> & PromiseMatchers<...>'.\nclient/src/components/widget-wizard/__tests__/widget-wizard.test.tsx(135,21): error TS2339: Property 'toHaveValue' does not exist on type 'Matchers<void, HTMLElement> & SnapshotMatchers<void, HTMLElement> & Inverse<JestMatchers<void, HTMLElement>> & PromiseMatchers<...>'.\nclient/src/components/widget-wizard/__tests__/widget-wizard.test.tsx(140,24): error TS2339: Property 'toBeChecked' does not exist on type 'Matchers<void, HTMLElement> & SnapshotMatchers<void, HTMLElement> & Inverse<JestMatchers<void, HTMLElement>> & PromiseMatchers<...>'.\nclient/src/components/widget-wizard/__tests__/widget-wizard.test.tsx(143,28): error TS2339: Property 'toBeChecked' does not exist on type 'JestMatchers<void, HTMLElement>'.\nclient/src/components/widget-wizard/__tests__/widget-wizard.test.tsx(151,22): error TS2339: Property 'toHaveTextContent' does not exist on type 'Matchers<void, HTMLElement> & SnapshotMatchers<void, HTMLElement> & Inverse<JestMatchers<void, HTMLElement>> & PromiseMatchers<...>'.\nclient/src/components/widget-wizard/__tests__/widget-wizard.test.tsx(158,25): error TS2339: Property 'toHaveValue' does not exist on type 'Matchers<void, HTMLElement> & SnapshotMatchers<void, HTMLElement> & Inverse<JestMatchers<void, HTMLElement>> & PromiseMatchers<...>'.\nclient/src/components/widget-wizard/__tests__/widget-wizard.test.tsx(171,50): error TS2339: Property 'toBeInTheDocument' does not exist on type 'Matchers<void, HTMLElement> & SnapshotMatchers<void, HTMLElement> & Inverse<JestMatchers<void, HTMLElement>> & PromiseMatchers<...>'.\nclient/src/components/widget-wizard/__tests__/widget-wizard.test.tsx(172,41): error TS2339: Property 'toBeInTheDocument' does not exist on type 'Matchers<void, HTMLElement> & SnapshotMatchers<void, HTMLElement> & Inverse<JestMatchers<void, HTMLElement>> & PromiseMatchers<...>'.\nclient/src/components/widget-wizard/__tests__/widget-wizard.test.tsx(173,45): error TS2339: Property 'toBeInTheDocument' does not exist on type 'Matchers<void, HTMLElement> & SnapshotMatchers<void, HTMLElement> & Inverse<JestMatchers<void, HTMLElement>> & PromiseMatchers<...>'.\nclient/src/components/widget-wizard/__tests__/widget-wizard.test.tsx(174,50): error TS2339: Property 'toBeInTheDocument' does not exist on type 'Matchers<void, HTMLElement> & SnapshotMatchers<void, HTMLElement> & Inverse<JestMatchers<void, HTMLElement>> & PromiseMatchers<...>'.\nclient/src/components/widget-wizard/__tests__/widget-wizard.test.tsx(195,60): error TS2554: Expected 1 arguments, but got 0.\nclient/src/components/widget-wizard/__tests__/widget-wizard.test.tsx(196,42): error TS2345: Argument of type 'Error' is not assignable to parameter of type 'never'.\nclient/src/components/widget-wizard/__tests__/widget-wizard.test.tsx(218,56): error TS2339: Property 'toBeInTheDocument' does not exist on type 'JestMatchers<void, HTMLElement | null>'.\nclient/src/components/widget-wizard/__tests__/widget-wizard.test.tsx(232,49): error TS2339: Property 'toBeInTheDocument' does not exist on type 'Matchers<void, HTMLElement> & SnapshotMatchers<void, HTMLElement> & Inverse<JestMatchers<void, HTMLElement>> & PromiseMatchers<...>'.\nclient/src/components/widget-wizard/__tests__/widget-wizard.test.tsx(233,55): error TS2339: Property 'toBeInTheDocument' does not exist on type 'JestMatchers<void, HTMLElement | null>'.\nclient/src/components/widget-wizard/__tests__/widget-wizard.test.tsx(239,50): error TS2339: Property 'toBeInTheDocument' does not exist on type 'Matchers<void, HTMLElement> & SnapshotMatchers<void, HTMLElement> & Inverse<JestMatchers<void, HTMLElement>> & PromiseMatchers<...>'.\nclient/src/components/widget-wizard/__tests__/widget-wizard.test.tsx(246,49): error TS2339: Property 'toBeInTheDocument' does not exist on type 'Matchers<void, HTMLElement> & SnapshotMatchers<void, HTMLElement> & Inverse<JestMatchers<void, HTMLElement>> & PromiseMatchers<...>'.\nclient/src/components/widget-wizard/__tests__/widget-wizard.test.tsx(247,56): error TS2339: Property 'toBeInTheDocument' does not exist on type 'JestMatchers<void, HTMLElement | null>'.\nclient/src/components/widget-wizard/__tests__/widget-wizard.test.tsx(265,49): error TS2339: Property 'toBeInTheDocument' does not exist on type 'Matchers<void, HTMLElement> & SnapshotMatchers<void, HTMLElement> & Inverse<JestMatchers<void, HTMLElement>> & PromiseMatchers<...>'.\nclient/src/components/widget-wizard/__tests__/widget-wizard.test.tsx(272,25): error TS2339: Property 'toBeInTheDocument' does not exist on type 'Matchers<void, HTMLElement> & SnapshotMatchers<void, HTMLElement> & Inverse<JestMatchers<void, HTMLElement>> & PromiseMatchers<...>'.\nclient/src/hooks/use-debug-player.ts(54,18): error TS7053: Element implicitly has an 'any' type because expression of type 'string' can't be used to index type '{ vehicle_speed: boolean; acceleration: boolean; steering_angle: boolean; position_x: boolean; position_y: boolean; collision_margin: boolean; }'.\n  No index signature with a parameter of type 'string' was found on type '{ vehicle_speed: boolean; acceleration: boolean; steering_angle: boolean; position_x: boolean; position_y: boolean; collision_margin: boolean; }'.\nclient/src/lib/mock-data.ts(41,3): error TS2739: Type '{ id: number; name: string; description: string; isActive: true; version: string; }' is missing the following properties from type '{ id: number; name: string; version: string; description: string | null; createdAt: Date | null; isActive: boolean | null; pluginType: string; configuration: string | null; }': createdAt, pluginType, configuration\nclient/src/lib/mock-data.ts(42,3): error TS2739: Type '{ id: number; name: string; description: string; isActive: true; version: string; }' is missing the following properties from type '{ id: number; name: string; version: string; description: string | null; createdAt: Date | null; isActive: boolean | null; pluginType: string; configuration: string | null; }': createdAt, pluginType, configuration\nclient/src/lib/mock-data.ts(43,3): error TS2739: Type '{ id: number; name: string; description: string; isActive: true; version: string; }' is missing the following properties from type '{ id: number; name: string; version: string; description: string | null; createdAt: Date | null; isActive: boolean | null; pluginType: string; configuration: string | null; }': createdAt, pluginType, configuration\nclient/src/lib/plugin-templates.ts(85,13): error TS2322: Type 'string' is not assignable to type 'Record<string, any>'.\nclient/src/lib/plugin-templates.ts(615,13): error TS2322: Type 'string' is not assignable to type 'Record<string, any>'.\nclient/src/lib/plugin-templates.ts(616,24): error TS2322: Type 'number' is not assignable to type 'Record<string, any>'.\nclient/src/lib/plugin-templates.ts(627,13): error TS2322: Type 'string' is not assignable to type 'Record<string, any>'.\nclient/src/lib/plugin-templates.ts(628,24): error TS2322: Type 'number' is not assignable to type 'Record<string, any>'.\nclient/src/lib/plugin-templates.ts(640,13): error TS2322: Type 'string' is not assignable to type 'Record<string, any>'.\nclient/src/lib/plugin-templates.ts(641,24): error TS2322: Type 'string' is not assignable to type 'Record<string, any>'.\nclient/src/lib/widget-engine.ts(156,58): error TS18046: 'error' is of type 'unknown'.\nclient/src/lib/widget-engine.ts(279,39): error TS2802: Type 'MapIterator<[string, Set<string>]>' can only be iterated through when using the '--downlevelIteration' flag or with a '--target' of 'es2015' or higher.\nclient/src/lib/widget-templates.ts(58,53): error TS2769: No overload matches this call.\n  The last overload gave the following error.\n    Argument of type '{ width: string; height: number; }' is not assignable to parameter of type 'Attributes & Props & RefAttributes<HTMLDivElement | { current: HTMLDivElement; }>'.\n      Property 'children' is missing in type '{ width: string; height: number; }' but required in type 'Props'.\nclient/src/lib/widget-templates.ts(61,29): error TS2769: No overload matches this call.\n  The last overload gave the following error.\n    Argument of type 'typeof XAxis' is not assignable to parameter of type 'string | ComponentClass<Props, any> | FunctionComponent<Props>'.\n      Type 'typeof XAxis' is not assignable to type 'ComponentClass<Props, any>'.\n        The types of 'defaultProps.type' are incompatible between these types.\n          Type 'string' is not assignable to type '\"number\" | \"category\" | undefined'.\nclient/src/lib/widget-templates.ts(62,29): error TS2769: No overload matches this call.\n  The last overload gave the following error.\n    Argument of type 'typeof YAxis' is not assignable to parameter of type 'string | ComponentClass<Props, any> | FunctionComponent<Props>'.\n      Type 'typeof YAxis' is not assignable to type 'ComponentClass<Props, any>'.\n        The types of 'defaultProps.type' are incompatible between these types.\n          Type 'string' is not assignable to type '\"number\" | \"category\" | undefined'.\nclient/src/lib/widget-templates.ts(63,29): error TS2769: No overload matches this call.\n  The last overload gave the following error.\n    Argument of type 'typeof Tooltip' is not assignable to parameter of type 'string | ComponentClass<TooltipProps<ValueType, NameType>, any> | FunctionComponent<TooltipProps<ValueType, NameType>>'.\n      Type 'typeof Tooltip' is not assignable to type 'ComponentClass<TooltipProps<ValueType, NameType>, any>'.\n        The types of 'defaultProps.animationEasing' are incompatible between these types.\n          Type 'string' is not assignable to type 'AnimationTiming | undefined'.\nclient/src/lib/widget-templates.ts(64,29): error TS2769: No overload matches this call.\n  The last overload gave the following error.\n    Argument of type 'typeof Scatter' is not assignable to parameter of type 'string | ComponentClass<Props, any> | FunctionComponent<Props>'.\n      Type 'typeof Scatter' is not assignable to type 'ComponentClass<Props, any>'.\n        The types of 'defaultProps.lineType' are incompatible between these types.\n          Type 'string' is not assignable to type '\"fitting\" | \"joint\" | undefined'.\nclient/src/lib/widget-templates.ts(111,53): error TS2769: No overload matches this call.\n  The last overload gave the following error.\n    Argument of type '{ width: string; height: number; }' is not assignable to parameter of type 'Attributes & Props & RefAttributes<HTMLDivElement | { current: HTMLDivElement; }>'.\n      Property 'children' is missing in type '{ width: string; height: number; }' but required in type 'Props'.\nclient/src/lib/widget-templates.ts(114,29): error TS2769: No overload matches this call.\n  The last overload gave the following error.\n    Argument of type 'typeof XAxis' is not assignable to parameter of type 'string | ComponentClass<Props, any> | FunctionComponent<Props>'.\n      Type 'typeof XAxis' is not assignable to type 'ComponentClass<Props, any>'.\n        The types of 'defaultProps.type' are incompatible between these types.\n          Type 'string' is not assignable to type '\"number\" | \"category\" | undefined'.\nclient/src/lib/widget-templates.ts(115,29): error TS2769: No overload matches this call.\n  The last overload gave the following error.\n    Argument of type 'typeof YAxis' is not assignable to parameter of type 'string | ComponentClass<Props, any> | FunctionComponent<Props>'.\n      Type 'typeof YAxis' is not assignable to type 'ComponentClass<Props, any>'.\n        The types of 'defaultProps.type' are incompatible between these types.\n          Type 'string' is not assignable to type '\"number\" | \"category\" | undefined'.\nclient/src/lib/widget-templates.ts(116,29): error TS2769: No overload matches this call.\n  The last overload gave the following error.\n    Argument of type 'typeof Tooltip' is not assignable to parameter of type 'string | ComponentClass<TooltipProps<ValueType, NameType>, any> | FunctionComponent<TooltipProps<ValueType, NameType>>'.\n      Type 'typeof Tooltip' is not assignable to type 'ComponentClass<TooltipProps<ValueType, NameType>, any>'.\n        The types of 'defaultProps.animationEasing' are incompatible between these types.\n          Type 'string' is not assignable to type 'AnimationTiming | undefined'.\nclient/src/lib/widget-templates.ts(117,29): error TS2769: No overload matches this call.\n  The last overload gave the following error.\n    Argument of type 'typeof Line' is not assignable to parameter of type 'string | ComponentClass<Props, any> | FunctionComponent<Props>'.\n      Type 'typeof Line' is not assignable to type 'ComponentClass<Props, any>'.\n        The types of 'defaultProps.legendType' are incompatible between these types.\n          Type 'string' is not assignable to type 'LegendType | undefined'.\nclient/src/lib/widget-templates.ts(118,29): error TS2769: No overload matches this call.\n  The last overload gave the following error.\n    Argument of type 'typeof Line' is not assignable to parameter of type 'string | ComponentClass<Props, any> | FunctionComponent<Props>'.\n      Type 'typeof Line' is not assignable to type 'ComponentClass<Props, any>'.\n        The types of 'defaultProps.legendType' are incompatible between these types.\n          Type 'string' is not assignable to type 'LegendType | undefined'.\nclient/src/lib/widget-templates.ts(143,11): error TS7053: Element implicitly has an 'any' type because expression of type 'string' can't be used to index type '{ time: any; }'.\n  No index signature with a parameter of type 'string' was found on type '{ time: any; }'.\nclient/src/lib/widget-templates.ts(162,53): error TS2769: No overload matches this call.\n  The last overload gave the following error.\n    Argument of type '{ width: string; height: number; }' is not assignable to parameter of type 'Attributes & Props & RefAttributes<HTMLDivElement | { current: HTMLDivElement; }>'.\n      Property 'children' is missing in type '{ width: string; height: number; }' but required in type 'Props'.\nclient/src/lib/widget-templates.ts(165,29): error TS2769: No overload matches this call.\n  The last overload gave the following error.\n    Argument of type 'typeof XAxis' is not assignable to parameter of type 'string | ComponentClass<Props, any> | FunctionComponent<Props>'.\n      Type 'typeof XAxis' is not assignable to type 'ComponentClass<Props, any>'.\n        The types of 'defaultProps.type' are incompatible between these types.\n          Type 'string' is not assignable to type '\"number\" | \"category\" | undefined'.\nclient/src/lib/widget-templates.ts(166,29): error TS2769: No overload matches this call.\n  The last overload gave the following error.\n    Argument of type 'typeof YAxis' is not assignable to parameter of type 'string | ComponentClass<Props, any> | FunctionComponent<Props>'.\n      Type 'typeof YAxis' is not assignable to type 'ComponentClass<Props, any>'.\n        The types of 'defaultProps.type' are incompatible between these types.\n          Type 'string' is not assignable to type '\"number\" | \"category\" | undefined'.\nclient/src/lib/widget-templates.ts(167,29): error TS2769: No overload matches this call.\n  The last overload gave the following error.\n    Argument of type 'typeof Tooltip' is not assignable to parameter of type 'string | ComponentClass<TooltipProps<ValueType, NameType>, any> | FunctionComponent<TooltipProps<ValueType, NameType>>'.\n      Type 'typeof Tooltip' is not assignable to type 'ComponentClass<TooltipProps<ValueType, NameType>, any>'.\n        The types of 'defaultProps.animationEasing' are incompatible between these types.\n          Type 'string' is not assignable to type 'AnimationTiming | undefined'.\nclient/src/lib/widget-templates.ts(168,29): error TS2769: No overload matches this call.\n  The last overload gave the following error.\n    Argument of type 'typeof Line' is not assignable to parameter of type 'string | ComponentClass<Props, any> | FunctionComponent<Props>'.\n      Type 'typeof Line' is not assignable to type 'ComponentClass<Props, any>'.\n        The types of 'defaultProps.legendType' are incompatible between these types.\n          Type 'string' is not assignable to type 'LegendType | undefined'.\nclient/src/pages/debug-player.tsx(123,13): error TS2322: Type '{ id: number; name: string; version: string; description: string | null; createdAt: Date | null; isActive: boolean | null; pluginType: string; configuration: string | null; }[]' is not assignable to type '{ id: number; name: string; description: string; isActive: boolean; version: string; }[]'.\n  Type '{ id: number; name: string; version: string; description: string | null; createdAt: Date | null; isActive: boolean | null; pluginType: string; configuration: string | null; }' is not assignable to type '{ id: number; name: string; description: string; isActive: boolean; version: string; }'.\n    Types of property 'description' are incompatible.\n      Type 'string | null' is not assignable to type 'string'.\n        Type 'null' is not assignable to type 'string'.\nclient/src/pages/plugin-manager.tsx(33,47): error TS2345: Argument of type '{ method: string; body: string; }' is not assignable to parameter of type 'string'.\nclient/src/pages/plugin-manager.tsx(58,53): error TS2345: Argument of type '{ method: string; body: string; }' is not assignable to parameter of type 'string'.\nclient/src/pages/plugin-manager.tsx(73,53): error TS2345: Argument of type '{ method: string; }' is not assignable to parameter of type 'string'.\nclient/src/pages/plugin-manager.tsx(155,19): error TS2339: Property 'map' does not exist on type '{}'.\nclient/src/pages/plugin-manager.tsx(204,17): error TS2339: Property 'length' does not exist on type '{}'.\nserver/python-integration.ts(212,9): error TS2322: Type 'number[]' is not assignable to type '[number, number]'.\n  Target requires 2 element(s) but source may have fewer.\n",
      "error": "Command failed: npx tsc --noEmit"
    }
  ]
}